<?xml version="1.0" encoding="UTF-8"?>
<testng-results skipped="1" failed="1" ignored="0" total="5" passed="3">
  <reporter-output>
  </reporter-output>
  <suite name="Default suite" duration-ms="4431" started-at="2021-12-20T19:14:06Z" finished-at="2021-12-20T19:14:11Z">
    <groups>
    </groups>
    <test name="Default test" duration-ms="4431" started-at="2021-12-20T19:14:06Z" finished-at="2021-12-20T19:14:11Z">
      <class name="apiTests.TweetsAPiTest">
        <test-method status="PASS" signature="setUp()[pri:0, instance:apiTests.TweetsAPiTest@6767c1fc]" name="setUp" is-config="true" duration-ms="10" started-at="2021-12-20T19:14:06Z" finished-at="2021-12-20T19:14:06Z">
          <reporter-output>
          </reporter-output>
        </test-method> <!-- setUp -->
        <test-method status="FAIL" signature="testGetUserTimeLine()[pri:0, instance:apiTests.TweetsAPiTest@6767c1fc]" name="testGetUserTimeLine" duration-ms="2293" started-at="2021-12-20T19:14:06Z" finished-at="2021-12-20T19:14:09Z">
          <exception class="java.lang.ClassCastException">
            <message>
              <![CDATA[java.util.ArrayList cannot be cast to java.lang.Long]]>
            </message>
            <full-stacktrace>
              <![CDATA[java.lang.ClassCastException: java.util.ArrayList cannot be cast to java.lang.Long
at apiTests.TweetsAPiTest.testGetUserTimeLine(TweetsAPiTest.java:28)
at sun.reflect.NativeMethodAccessorImpl.invoke0(Native Method)
at sun.reflect.NativeMethodAccessorImpl.invoke(Unknown Source)
at sun.reflect.DelegatingMethodAccessorImpl.invoke(Unknown Source)
at java.lang.reflect.Method.invoke(Unknown Source)
at org.testng.internal.MethodInvocationHelper.invokeMethod(MethodInvocationHelper.java:124)
at org.testng.internal.Invoker.invokeMethod(Invoker.java:583)
at org.testng.internal.Invoker.invokeTestMethod(Invoker.java:719)
at org.testng.internal.Invoker.invokeTestMethods(Invoker.java:989)
at org.testng.internal.TestMethodWorker.invokeTestMethods(TestMethodWorker.java:125)
at org.testng.internal.TestMethodWorker.run(TestMethodWorker.java:109)
at org.testng.TestRunner.privateRun(TestRunner.java:648)
at org.testng.TestRunner.run(TestRunner.java:505)
at org.testng.SuiteRunner.runTest(SuiteRunner.java:455)
at org.testng.SuiteRunner.runSequentially(SuiteRunner.java:450)
at org.testng.SuiteRunner.privateRun(SuiteRunner.java:415)
at org.testng.SuiteRunner.run(SuiteRunner.java:364)
at org.testng.SuiteRunnerWorker.runSuite(SuiteRunnerWorker.java:52)
at org.testng.SuiteRunnerWorker.run(SuiteRunnerWorker.java:84)
at org.testng.TestNG.runSuitesSequentially(TestNG.java:1208)
at org.testng.TestNG.runSuitesLocally(TestNG.java:1137)
at org.testng.TestNG.runSuites(TestNG.java:1049)
at org.testng.TestNG.run(TestNG.java:1017)
at org.testng.remote.AbstractRemoteTestNG.run(AbstractRemoteTestNG.java:115)
at org.testng.remote.RemoteTestNG.initAndRun(RemoteTestNG.java:251)
at org.testng.remote.RemoteTestNG.main(RemoteTestNG.java:77)
]]>
            </full-stacktrace>
          </exception> <!-- java.lang.ClassCastException -->
          <reporter-output>
          </reporter-output>
        </test-method> <!-- testGetUserTimeLine -->
        <test-method status="PASS" signature="testUserCannotDuplicateTweet()[pri:0, instance:apiTests.TweetsAPiTest@6767c1fc]" name="testUserCannotDuplicateTweet" duration-ms="1118" started-at="2021-12-20T19:14:09Z" finished-at="2021-12-20T19:14:10Z">
          <reporter-output>
          </reporter-output>
        </test-method> <!-- testUserCannotDuplicateTweet -->
        <test-method status="PASS" signature="testUserCannotTweetSameTweetInARow()[pri:0, instance:apiTests.TweetsAPiTest@6767c1fc]" name="testUserCannotTweetSameTweetInARow" duration-ms="625" started-at="2021-12-20T19:14:10Z" finished-at="2021-12-20T19:14:10Z">
          <reporter-output>
          </reporter-output>
        </test-method> <!-- testUserCannotTweetSameTweetInARow -->
        <test-method status="PASS" signature="testUserCanTweet()[pri:0, instance:apiTests.TweetsAPiTest@6767c1fc]" name="testUserCanTweet" duration-ms="365" started-at="2021-12-20T19:14:10Z" finished-at="2021-12-20T19:14:11Z">
          <reporter-output>
          </reporter-output>
        </test-method> <!-- testUserCanTweet -->
        <test-method status="SKIP" signature="userCanDeleteTweet()[pri:0, instance:apiTests.TweetsAPiTest@6767c1fc]" name="userCanDeleteTweet" duration-ms="0" started-at="2021-12-20T19:14:11Z" depends-on-methods="apiTests.TweetsAPiTest.testGetUserTimeLine" finished-at="2021-12-20T19:14:11Z">
          <exception class="java.lang.Throwable">
            <message>
              <![CDATA[Method TweetsAPiTest.userCanDeleteTweet()[pri:0, instance:apiTests.TweetsAPiTest@6767c1fc] depends on not successfully finished methods]]>
            </message>
            <full-stacktrace>
              <![CDATA[java.lang.Throwable: Method TweetsAPiTest.userCanDeleteTweet()[pri:0, instance:apiTests.TweetsAPiTest@6767c1fc] depends on not successfully finished methods
at org.testng.internal.Invoker.invokeTestMethods(Invoker.java:888)
at org.testng.internal.TestMethodWorker.invokeTestMethods(TestMethodWorker.java:125)
at org.testng.internal.TestMethodWorker.run(TestMethodWorker.java:109)
at org.testng.TestRunner.privateRun(TestRunner.java:648)
at org.testng.TestRunner.run(TestRunner.java:505)
at org.testng.SuiteRunner.runTest(SuiteRunner.java:455)
at org.testng.SuiteRunner.runSequentially(SuiteRunner.java:450)
at org.testng.SuiteRunner.privateRun(SuiteRunner.java:415)
at org.testng.SuiteRunner.run(SuiteRunner.java:364)
at org.testng.SuiteRunnerWorker.runSuite(SuiteRunnerWorker.java:52)
at org.testng.SuiteRunnerWorker.run(SuiteRunnerWorker.java:84)
at org.testng.TestNG.runSuitesSequentially(TestNG.java:1208)
at org.testng.TestNG.runSuitesLocally(TestNG.java:1137)
at org.testng.TestNG.runSuites(TestNG.java:1049)
at org.testng.TestNG.run(TestNG.java:1017)
at org.testng.remote.AbstractRemoteTestNG.run(AbstractRemoteTestNG.java:115)
at org.testng.remote.RemoteTestNG.initAndRun(RemoteTestNG.java:251)
at org.testng.remote.RemoteTestNG.main(RemoteTestNG.java:77)
]]>
            </full-stacktrace>
          </exception> <!-- java.lang.Throwable -->
          <reporter-output>
          </reporter-output>
        </test-method> <!-- userCanDeleteTweet -->
      </class> <!-- apiTests.TweetsAPiTest -->
    </test> <!-- Default test -->
  </suite> <!-- Default suite -->
</testng-results>
